2026-03-11 10:05:00,926 - INFO - Starte kontinuierliche Datensammlung
2026-03-11 10:05:00,939 - INFO - Starte Sammlungszyklus #1
2026-03-11 10:05:00,969 - INFO - Starte System-Datensammlung
2026-03-11 10:05:00,985 - INFO - Systemdaten gespeichert: system_info_20260311_100500.json
2026-03-11 10:05:01,009 - INFO - Starte Nachrichten-Datensammlung
2026-03-11 10:05:01,017 - INFO - Daten gespeichert: news_spiegel_20260311_100501.json
2026-03-11 10:05:02,626 - INFO - Daten gespeichert: news_bild_20260311_100502.json
2026-03-11 10:05:05,220 - INFO - Daten gespeichert: news_faz.net_20260311_100505.json
2026-03-11 10:05:07,313 - INFO - Daten gespeichert: news_heise_20260311_100507.json
2026-03-11 10:05:08,458 - INFO - Daten gespeichert: news_t-online_20260311_100508.json
2026-03-11 10:05:10,438 - INFO - Starte Such-Datensammlung
2026-03-11 10:05:10,479 - INFO - Daten gespeichert: search_google_NWO_20260311_100510.json
2026-03-11 10:05:14,961 - INFO - Daten gespeichert: search_google_Gangstalking_20260311_100514.json
2026-03-11 10:05:19,280 - INFO - Daten gespeichert: search_google_GRU_20260311_100519.json
2026-03-11 10:05:23,008 - INFO - Daten gespeichert: search_google_Kuchen-TV_20260311_100523.json
2026-03-11 10:05:26,683 - INFO - Daten gespeichert: search_google_Verschwörung_20260311_100526.json
2026-03-11 10:05:31,088 - INFO - Daten gespeichert: search_google_Geheimdienste_20260311_100531.json
2026-03-11 10:05:33,409 - INFO - Daten gespeichert: search_google_Überwachung_20260311_100533.json
2026-03-11 10:05:36,048 - INFO - Daten gespeichert: search_google_Mind Control_20260311_100536.json
2026-03-11 10:05:39,005 - INFO - Daten gespeichert: search_google_Psychologische Kriegsführung_20260311_100539.json
2026-03-11 10:05:41,606 - INFO - Zyklus #1 abgeschlossen. Warte 300 Sekunden...
2026-03-11 10:10:46,028 - INFO - Starte Sammlungszyklus #2
2026-03-11 10:10:46,079 - INFO - Starte System-Datensammlung
2026-03-11 10:10:46,081 - INFO - Systemdaten gespeichert: system_info_20260311_101046.json
2026-03-11 10:10:46,096 - INFO - Starte Nachrichten-Datensammlung
2026-03-11 10:10:46,098 - INFO - Daten gespeichert: news_spiegel_20260311_101046.json
2026-03-11 10:10:47,201 - INFO - Daten gespeichert: news_bild_20260311_101047.json
2026-03-11 10:10:49,213 - INFO - Daten gespeichert: news_faz.net_20260311_101049.json
2026-03-11 10:10:50,735 - INFO - Daten gespeichert: news_heise_20260311_101050.json
2026-03-11 10:10:53,345 - INFO - Daten gespeichert: news_t-online_20260311_101053.json
2026-03-11 10:10:54,952 - INFO - Starte Such-Datensammlung
2026-03-11 10:10:54,954 - INFO - Daten gespeichert: search_google_NWO_20260311_101054.json
2026-03-11 10:10:58,220 - INFO - Daten gespeichert: search_google_Gangstalking_20260311_101058.json
2026-03-11 10:11:00,712 - INFO - Daten gespeichert: search_google_GRU_20260311_101100.json
2026-03-11 10:11:04,581 - INFO - Daten gespeichert: search_google_Kuchen-TV_20260311_101104.json
2026-03-11 10:11:07,798 - INFO - Daten gespeichert: search_google_Verschwörung_20260311_101107.json
2026-03-11 10:11:10,419 - INFO - Daten gespeichert: search_google_Geheimdienste_20260311_101110.json
2026-03-11 10:11:14,988 - INFO - Daten gespeichert: search_google_Überwachung_20260311_101114.json
2026-03-11 10:11:18,560 - INFO - Daten gespeichert: search_google_Mind Control_20260311_101118.json
2026-03-11 10:11:23,515 - INFO - Daten gespeichert: search_google_Psychologische Kriegsführung_20260311_101123.json
2026-03-11 10:11:27,234 - INFO - Zyklus #2 abgeschlossen. Warte 300 Sekunden...
2026-03-11 10:16:31,106 - INFO - Starte Sammlungszyklus #3
2026-03-11 10:16:31,106 - INFO - Starte System-Datensammlung
2026-03-11 10:16:31,108 - INFO - Systemdaten gespeichert: system_info_20260311_101631.json
2026-03-11 10:16:31,108 - INFO - Starte Nachrichten-Datensammlung
2026-03-11 10:16:31,109 - INFO - Daten gespeichert: news_spiegel_20260311_101631.json
2026-03-11 10:16:32,837 - INFO - Daten gespeichert: news_bild_20260311_101632.json
2026-03-11 10:16:34,665 - INFO - Daten gespeichert: news_faz.net_20260311_101634.json
2026-03-11 10:16:37,443 - INFO - Daten gespeichert: news_heise_20260311_101637.json
2026-03-11 10:16:39,316 - INFO - Daten gespeichert: news_t-online_20260311_101639.json
2026-03-11 10:16:41,350 - INFO - Starte Such-Datensammlung
2026-03-11 10:16:41,353 - INFO - Daten gespeichert: search_google_NWO_20260311_101641.json
2026-03-11 10:16:45,529 - INFO - Daten gespeichert: search_google_Gangstalking_20260311_101645.json
2026-03-11 10:16:49,808 - INFO - Daten gespeichert: search_google_GRU_20260311_101649.json
2026-03-11 10:16:54,043 - INFO - Daten gespeichert: search_google_Kuchen-TV_20260311_101654.json
2026-03-11 10:16:56,748 - INFO - Daten gespeichert: search_google_Verschwörung_20260311_101656.json
2026-03-11 10:17:01,664 - INFO - Daten gespeichert: search_google_Geheimdienste_20260311_101701.json
2026-03-11 10:17:05,455 - INFO - Daten gespeichert: search_google_Überwachung_20260311_101705.json
2026-03-11 10:17:10,450 - INFO - Daten gespeichert: search_google_Mind Control_20260311_101710.json
2026-03-11 10:17:13,581 - INFO - Daten gespeichert: search_google_Psychologische Kriegsführung_20260311_101713.json
2026-03-11 10:17:17,983 - INFO - Zyklus #3 abgeschlossen. Warte 300 Sekunden...
